Thu Apr 21 15:35:03 UTC 2022: 
 tests:  1|8
total_score: 0/70
73c74a6
Thu Apr 21 15:36:07 UTC 2022: 
 treemap.c | 14 ++++++++++++++
 1 file changed, 14 insertions(+)
In file included from test.c:4:0:
treemap.c: In function ‘insertTreeMap’:
treemap.c:58:23: error: ‘return’ with a value, in function returning void [-Werror]
             return aux->pair;
                    ~~~^~~~~~
treemap.c:46:6: note: declared here
 void insertTreeMap(TreeMap * tree, void* key, void * value) {
      ^~~~~~~~~~~~~
treemap.c:61:12: error: ‘return’ with a value, in function returning void [-Werror]
     return NULL;
            ^~~~
treemap.c:46:6: note: declared here
 void insertTreeMap(TreeMap * tree, void* key, void * value) {
      ^~~~~~~~~~~~~
cc1: all warnings being treated as errors
Compilation failed
4aa6c3c
Thu Apr 21 15:36:25 UTC 2022: 
 treemap.c | 28 ++++++++++++++--------------
 1 file changed, 14 insertions(+), 14 deletions(-)
 tests:  8|7
total_score: 10/70
e4d933f
Thu Apr 21 15:39:29 UTC 2022: 
 treemap.c | 5 ++++-
 1 file changed, 4 insertions(+), 1 deletion(-)
 tests:  8|7
total_score: 10/70
83fd933
Thu Apr 21 15:39:40 UTC 2022: 
 treemap.c | 2 +-
 1 file changed, 1 insertion(+), 1 deletion(-)
 tests:  11|6
total_score: 15/70
ba4220d
Thu Apr 21 15:48:00 UTC 2022: 
 treemap.c | 4 +++-
 1 file changed, 3 insertions(+), 1 deletion(-)
In file included from test.c:4:0:
treemap.c: In function ‘insertTreeMap’:
treemap.c:49:15: error: unused variable ‘aux’ [-Werror=unused-variable]
     TreeNode *aux = tree->root;
               ^~~
cc1: all warnings being treated as errors
Compilation failed
14ea190
Thu Apr 21 15:48:06 UTC 2022: 
 treemap.c | 2 +-
 1 file changed, 1 insertion(+), 1 deletion(-)
 tests:  11|6
total_score: 15/70
4a344a0
Thu Apr 21 15:56:49 UTC 2022: 
 treemap.c | 8 ++++++--
 1 file changed, 6 insertions(+), 2 deletions(-)
 tests:  0|0
b033abc
Thu Apr 21 15:58:43 UTC 2022: 
 treemap.c | 3 ++-
 1 file changed, 2 insertions(+), 1 deletion(-)
 tests:  0|0
99b4864
Thu Apr 21 15:58:52 UTC 2022: 
 treemap.c | 2 +-
 1 file changed, 1 insertion(+), 1 deletion(-)
 tests:  0|0
819b7c0
Thu Apr 21 16:02:46 UTC 2022: 
 treemap.c | 9 ++++++++-
 1 file changed, 8 insertions(+), 1 deletion(-)
In file included from test.c:4:0:
treemap.c: In function ‘insertTreeMap’:
treemap.c:50:29: error: ‘return’ with a value, in function returning void [-Werror]
     if (aux == NULL) return NULL;
                             ^~~~
treemap.c:48:6: note: declared here
 void insertTreeMap(TreeMap * tree, void* key, void * value) {
      ^~~~~~~~~~~~~
treemap.c: In function ‘firstTreeMap’:
treemap.c:113:1: error: control reaches end of non-void function [-Werror=return-type]
 }
 ^
cc1: all warnings being treated as errors
Compilation failed
89b7184
Thu Apr 21 16:03:12 UTC 2022: 
 treemap.c | 1 -
 1 file changed, 1 deletion(-)
In file included from test.c:4:0:
treemap.c: In function ‘firstTreeMap’:
treemap.c:112:1: error: control reaches end of non-void function [-Werror=return-type]
 }
 ^
cc1: all warnings being treated as errors
Compilation failed
00329f7
Thu Apr 21 16:03:21 UTC 2022: 
 treemap.c | 1 +
 1 file changed, 1 insertion(+)
 tests:  0|0
3df9d8a
Thu Apr 21 16:05:54 UTC 2022: 
 treemap.c | 5 ++---
 1 file changed, 2 insertions(+), 3 deletions(-)
In file included from test.c:4:0:
treemap.c: In function ‘insertTreeMap’:
treemap.c:49:19: error: assignment from incompatible pointer type [-Werror=incompatible-pointer-types]
     tree->current = searchTreeMap(key,value);
                   ^
treemap.c:51:15: error: unused variable ‘nuevoNodo’ [-Werror=unused-variable]
     TreeNode *nuevoNodo = createTreeNode(key,value);
               ^~~~~~~~~
cc1: all warnings being treated as errors
Compilation failed
c0260d2
Thu Apr 21 16:06:04 UTC 2022: 
 treemap.c | 2 +-
 1 file changed, 1 insertion(+), 1 deletion(-)
In file included from test.c:4:0:
treemap.c: In function ‘insertTreeMap’:
treemap.c:51:15: error: unused variable ‘nuevoNodo’ [-Werror=unused-variable]
     TreeNode *nuevoNodo = createTreeNode(key,value);
               ^~~~~~~~~
cc1: all warnings being treated as errors
Compilation failed
3013e33
Thu Apr 21 16:06:10 UTC 2022: 
 treemap.c | 2 +-
 1 file changed, 1 insertion(+), 1 deletion(-)
 tests:  0|0
4169655
Thu Apr 21 16:07:23 UTC 2022: 
 treemap.c | 3 ++-
 1 file changed, 2 insertions(+), 1 deletion(-)
In file included from test.c:4:0:
test.c: In function ‘insertTreeMap’:
treemap.c:50:17: error: ‘padre’ is used uninitialized in this function [-Werror=uninitialized]
     padre->pair = searchTreeMap(key,value);
     ~~~~~~~~~~~~^~~~~~~~~~~~~~~~~~~~~~~~~~
cc1: all warnings being treated as errors
Compilation failed
161a3b0
Thu Apr 21 16:07:53 UTC 2022: 
 treemap.c | 5 ++---
 1 file changed, 2 insertions(+), 3 deletions(-)
In file included from test.c:4:0:
test.c: In function ‘insertTreeMap’:
treemap.c:50:17: error: ‘padre’ is used uninitialized in this function [-Werror=uninitialized]
     padre->pair = searchTreeMap(key,value);
     ~~~~~~~~~~~~^~~~~~~~~~~~~~~~~~~~~~~~~~
cc1: all warnings being treated as errors
Compilation failed
1367dd0
Thu Apr 21 16:08:24 UTC 2022: 
 treemap.c | 5 ++---
 1 file changed, 2 insertions(+), 3 deletions(-)
 tests:  0|0
eed68bb
Thu Apr 21 16:08:53 UTC 2022: 
 treemap.c | 5 +++--
 1 file changed, 3 insertions(+), 2 deletions(-)
 tests:  0|0
0748883
Thu Apr 21 16:09:11 UTC 2022: 
 treemap.c | 4 ++--
 1 file changed, 2 insertions(+), 2 deletions(-)
In file included from test.c:4:0:
test.c: In function ‘insertTreeMap’:
treemap.c:50:17: error: ‘padre’ is used uninitialized in this function [-Werror=uninitialized]
     padre->pair = searchTreeMap(key,value);
     ~~~~~~~~~~~~^~~~~~~~~~~~~~~~~~~~~~~~~~
cc1: all warnings being treated as errors
Compilation failed
c88ce9e
Thu Apr 21 16:12:55 UTC 2022: 
 treemap.c | 10 +++++++++-
 1 file changed, 9 insertions(+), 1 deletion(-)
In file included from test.c:4:0:
test.c: In function ‘insertTreeMap’:
treemap.c:50:17: error: ‘padre’ is used uninitialized in this function [-Werror=uninitialized]
     padre->pair = searchTreeMap(key,value);
     ~~~~~~~~~~~~^~~~~~~~~~~~~~~~~~~~~~~~~~
cc1: all warnings being treated as errors
Compilation failed
4216297
Thu Apr 21 16:13:42 UTC 2022: 
 treemap.c | 11 -----------
 1 file changed, 11 deletions(-)
 tests:  11|6
total_score: 15/70
61093eb
Thu Apr 21 16:15:13 UTC 2022: 
 treemap.c | 6 +++---
 1 file changed, 3 insertions(+), 3 deletions(-)
 tests:  13|5
total_score: 20/70
5c41a26
Thu Apr 21 16:15:25 UTC 2022: 
 treemap.c | 2 --
 1 file changed, 2 deletions(-)
 tests:  13|5
total_score: 20/70
efca692
Thu Apr 21 16:17:55 UTC 2022: 
 treemap.c | 1 +
 1 file changed, 1 insertion(+)
 tests:  0|0
e8e0a41
Thu Apr 21 16:18:20 UTC 2022: 
 treemap.c | 2 +-
 1 file changed, 1 insertion(+), 1 deletion(-)
 tests:  13|5
total_score: 20/70
129dfe4
Thu Apr 21 16:18:48 UTC 2022: 
 treemap.c | 1 -
 1 file changed, 1 deletion(-)
 tests:  13|5
total_score: 20/70
5f13e44
Thu Apr 21 16:19:51 UTC 2022: 
 treemap.c | 3 ++-
 1 file changed, 2 insertions(+), 1 deletion(-)
In file included from test.c:4:0:
treemap.c: In function ‘insertTreeMap’:
treemap.c:50:43: error: expected ‘)’ before ‘;’ token
     padre->pair = (searchTreeMap(tree,key);
                                           ^
treemap.c:52:1: error: expected ‘;’ before ‘}’ token
 }
 ^
Compilation failed
78803f8
Thu Apr 21 16:20:02 UTC 2022: 
 treemap.c | 2 +-
 1 file changed, 1 insertion(+), 1 deletion(-)
In file included from test.c:4:0:
test.c: In function ‘insertTreeMap’:
treemap.c:50:17: error: ‘padre’ is used uninitialized in this function [-Werror=uninitialized]
     padre->pair = (searchTreeMap(tree,key));
     ~~~~~~~~~~~~^~~~~~~~~~~~~~~~~~~~~~~~~~~
cc1: all warnings being treated as errors
Compilation failed
7be8768
Fri Apr 22 23:34:29 UTC 2022: 
 treemap.c | 3 +++
 1 file changed, 3 insertions(+)
In file included from test.c:4:0:
treemap.c: In function ‘insertTreeMap’:
treemap.c:55:1: error: expected ‘(’ before ‘}’ token
 }
 ^
treemap.c:52:15: error: unused variable ‘nuevoNodo’ [-Werror=unused-variable]
     TreeNode *nuevoNodo = createTreeNode(key,value);
               ^~~~~~~~~
cc1: all warnings being treated as errors
Compilation failed
fa8f840
Fri Apr 22 23:35:05 UTC 2022: 
 treemap.c | 5 -----
 1 file changed, 5 deletions(-)
 tests:  13|5
total_score: 20/70
45fc6b6
Fri Apr 22 23:37:10 UTC 2022: 
 treemap.c | 3 ++-
 1 file changed, 2 insertions(+), 1 deletion(-)
In file included from test.c:4:0:
test.c: In function ‘insertTreeMap’:
treemap.c:50:15: error: ‘aux’ is used uninitialized in this function [-Werror=uninitialized]
     aux->pair = searchTreeMap(tree,key);
     ~~~~~~~~~~^~~~~~~~~~~~~~~~~~~~~~~~~
cc1: all warnings being treated as errors
Compilation failed
5f18243
Fri Apr 22 23:40:45 UTC 2022: 
 treemap.c | 4 ++++
 1 file changed, 4 insertions(+)
In file included from test.c:4:0:
treemap.c: In function ‘insertTreeMap’:
treemap.c:52:15: error: unused variable ‘nuevoNodo’ [-Werror=unused-variable]
     TreeNode *nuevoNodo = createTreeNode(key,value);
               ^~~~~~~~~
treemap.c:50:15: error: ‘aux’ is used uninitialized in this function [-Werror=uninitialized]
     aux->pair = searchTreeMap(tree,key);
     ~~~~~~~~~~^~~~~~~~~~~~~~~~~~~~~~~~~
cc1: all warnings being treated as errors
Compilation failed
cba3ff7
Fri Apr 22 23:46:23 UTC 2022: 
 treemap.c | 12 ++++++++++++
 1 file changed, 12 insertions(+)
In file included from test.c:4:0:
test.c: In function ‘insertTreeMap’:
treemap.c:50:15: error: ‘aux’ is used uninitialized in this function [-Werror=uninitialized]
     aux->pair = searchTreeMap(tree,key);
     ~~~~~~~~~~^~~~~~~~~~~~~~~~~~~~~~~~~
cc1: all warnings being treated as errors
Compilation failed
19d00aa
Fri Apr 22 23:47:52 UTC 2022: 
 treemap.c | 3 ---
 1 file changed, 3 deletions(-)
In file included from test.c:4:0:
test.c: In function ‘insertTreeMap’:
treemap.c:50:15: error: ‘aux’ is used uninitialized in this function [-Werror=uninitialized]
     aux->pair = searchTreeMap(tree,key);
     ~~~~~~~~~~^~~~~~~~~~~~~~~~~~~~~~~~~
cc1: all warnings being treated as errors
Compilation failed
0ff12d9
Fri Apr 22 23:49:19 UTC 2022: 
 treemap.c | 3 +++
 1 file changed, 3 insertions(+)
In file included from test.c:4:0:
test.c: In function ‘insertTreeMap’:
treemap.c:50:15: error: ‘aux’ is used uninitialized in this function [-Werror=uninitialized]
     aux->pair = searchTreeMap(tree,key);
     ~~~~~~~~~~^~~~~~~~~~~~~~~~~~~~~~~~~
cc1: all warnings being treated as errors
Compilation failed
3c61084
Fri Apr 22 23:49:41 UTC 2022: 
 treemap.c | 17 -----------------
 1 file changed, 17 deletions(-)
 tests:  13|5
total_score: 20/70
75a18d7
Fri Apr 22 23:57:36 UTC 2022: 
 treemap.c | 3 ++-
 1 file changed, 2 insertions(+), 1 deletion(-)
In file included from test.c:4:0:
test.c: In function ‘insertTreeMap’:
treemap.c:50:15: error: ‘aux’ is used uninitialized in this function [-Werror=uninitialized]
     aux->pair = searchTreeMap(tree,key);
     ~~~~~~~~~~^~~~~~~~~~~~~~~~~~~~~~~~~
cc1: all warnings being treated as errors
Compilation failed
88ae631
Fri Apr 22 23:57:44 UTC 2022: 
 treemap.c | 3 +--
 1 file changed, 1 insertion(+), 2 deletions(-)
 tests:  13|5
total_score: 20/70
8ffd359
Fri Apr 22 23:58:20 UTC 2022: 
 treemap.c | 2 +-
 1 file changed, 1 insertion(+), 1 deletion(-)
 tests:  13|5
total_score: 20/70
822689b
Fri Apr 22 23:58:57 UTC 2022: 
 treemap.c | 2 +-
 1 file changed, 1 insertion(+), 1 deletion(-)
 tests:  13|5
total_score: 20/70
47b1d7e
Sat Apr 23 00:18:22 UTC 2022: 
 treemap.c | 2 ++
 1 file changed, 2 insertions(+)
In file included from test.c:4:0:
test.c: In function ‘insertTreeMap’:
treemap.c:50:15: error: ‘aux’ is used uninitialized in this function [-Werror=uninitialized]
     aux->pair = searchTreeMap(tree,key);
     ~~~~~~~~~~^~~~~~~~~~~~~~~~~~~~~~~~~
cc1: all warnings being treated as errors
Compilation failed
cfaecc8
Sat Apr 23 00:18:29 UTC 2022: 
 treemap.c | 2 --
 1 file changed, 2 deletions(-)
 tests:  13|5
total_score: 20/70
b24692b
Sat Apr 23 03:35:34 UTC 2022: 
 treemap.c | 15 +++++++++++++++
 1 file changed, 15 insertions(+)
In file included from test.c:4:0:
test.c: In function ‘insertTreeMap’:
treemap.c:50:15: error: ‘aux’ is used uninitialized in this function [-Werror=uninitialized]
     aux->pair = searchTreeMap(tree,key);
     ~~~~~~~~~~^~~~~~~~~~~~~~~~~~~~~~~~~
cc1: all warnings being treated as errors
Compilation failed
aa26c0c
Sat Apr 23 03:37:39 UTC 2022: 
 treemap.c | 2 +-
 1 file changed, 1 insertion(+), 1 deletion(-)
In file included from test.c:4:0:
test.c: In function ‘insertTreeMap’:
treemap.c:50:15: error: ‘aux’ is used uninitialized in this function [-Werror=uninitialized]
     aux->pair = searchTreeMap(tree,key);
     ~~~~~~~~~~^~~~~~~~~~~~~~~~~~~~~~~~~
cc1: all warnings being treated as errors
Compilation failed
4ba3e08
Sat Apr 23 03:41:38 UTC 2022: 
 treemap.c | 3 +++
 1 file changed, 3 insertions(+)
In file included from test.c:4:0:
test.c: In function ‘insertTreeMap’:
treemap.c:50:15: error: ‘aux’ is used uninitialized in this function [-Werror=uninitialized]
     aux->pair = searchTreeMap(tree,key);
     ~~~~~~~~~~^~~~~~~~~~~~~~~~~~~~~~~~~
cc1: all warnings being treated as errors
Compilation failed
ab46907
Sat Apr 23 13:34:14 UTC 2022: 
 treemap.c | 3 ---
 1 file changed, 3 deletions(-)
In file included from test.c:4:0:
test.c: In function ‘insertTreeMap’:
treemap.c:50:15: error: ‘aux’ is used uninitialized in this function [-Werror=uninitialized]
     aux->pair = searchTreeMap(tree,key);
     ~~~~~~~~~~^~~~~~~~~~~~~~~~~~~~~~~~~
cc1: all warnings being treated as errors
Compilation failed
a938fd3
Sat Apr 23 13:37:00 UTC 2022: 
 treemap.c | 15 ++++++++-------
 1 file changed, 8 insertions(+), 7 deletions(-)
In file included from test.c:4:0:
test.c: In function ‘insertTreeMap’:
treemap.c:50:15: error: ‘aux’ is used uninitialized in this function [-Werror=uninitialized]
     aux->pair = searchTreeMap(tree,key);
     ~~~~~~~~~~^~~~~~~~~~~~~~~~~~~~~~~~~
cc1: all warnings being treated as errors
Compilation failed
b0c73ec
Sat Apr 23 13:37:24 UTC 2022: 
 treemap.c | 17 ++++++++---------
 1 file changed, 8 insertions(+), 9 deletions(-)
test.c: In function ‘insertTreeMap’:
test.c:503:5: error: ‘main’ is normally a non-static function [-Werror=main]
 int main( int argc, char *argv[] ) {
     ^~~~
test.c:606:1: error: expected declaration or statement at end of input
 }
 ^
At top level:
test.c:503:5: error: ‘main’ defined but not used [-Werror=unused-function]
 int main( int argc, char *argv[] ) {
     ^~~~
cc1: all warnings being treated as errors
Compilation failed
8269fa5
Sat Apr 23 13:45:19 UTC 2022: 
 treemap.c | 2 +-
 1 file changed, 1 insertion(+), 1 deletion(-)
In file included from test.c:4:0:
test.c: In function ‘insertTreeMap’:
treemap.c:50:15: error: ‘aux’ is used uninitialized in this function [-Werror=uninitialized]
     aux->pair = searchTreeMap(tree,key);
     ~~~~~~~~~~^~~~~~~~~~~~~~~~~~~~~~~~~
cc1: all warnings being treated as errors
Compilation failed
a0d8813
Sat Apr 23 13:53:56 UTC 2022: 
 treemap.c | 12 ++++++++----
 1 file changed, 8 insertions(+), 4 deletions(-)
 tests:  0|0
cb467d7
Sat Apr 23 13:56:04 UTC 2022: 
 treemap.c | 1 +
 1 file changed, 1 insertion(+)
 tests:  0|0
7ec8753
Sat Apr 23 14:00:20 UTC 2022: 
 treemap.c | 5 ++---
 1 file changed, 2 insertions(+), 3 deletions(-)
In file included from test.c:4:0:
treemap.c: In function ‘insertTreeMap’:
treemap.c:49:11: error: variable ‘par’ set but not used [-Werror=unused-but-set-variable]
     Pair *par;
           ^~~
cc1: all warnings being treated as errors
Compilation failed
90e5802
Sat Apr 23 14:00:40 UTC 2022: 
 treemap.c | 3 +--
 1 file changed, 1 insertion(+), 2 deletions(-)
 tests:  14|5
total_score: 20/70
de0776c
Sat Apr 23 14:03:14 UTC 2022: 
 treemap.c | 2 +-
 1 file changed, 1 insertion(+), 1 deletion(-)
In file included from test.c:4:0:
treemap.c: In function ‘insertTreeMap’:
treemap.c:52:5: error: expected ‘;’ before ‘aux’
     aux = tree->current;
     ^~~
Compilation failed
af333ac
Sat Apr 23 14:03:19 UTC 2022: 
 treemap.c | 2 +-
 1 file changed, 1 insertion(+), 1 deletion(-)
 tests:  14|5
total_score: 20/70
cb60ac3
Sat Apr 23 14:03:39 UTC 2022: 
 treemap.c | 2 +-
 1 file changed, 1 insertion(+), 1 deletion(-)
 tests:  15|4
total_score: 30/70
7135306
Sat Apr 23 14:09:03 UTC 2022: 
 treemap.c | 7 ++++---
 1 file changed, 4 insertions(+), 3 deletions(-)
 tests:  15|4
total_score: 30/70
921383e
Sat Apr 23 14:09:40 UTC 2022: 
 treemap.c | 4 +---
 1 file changed, 1 insertion(+), 3 deletions(-)
In file included from test.c:4:0:
treemap.c: In function ‘insertTreeMap’:
treemap.c:52:5: error: expected ‘;’ before ‘aux’
     aux = tree->current;
     ^~~
treemap.c:50:11: error: unused variable ‘p’ [-Werror=unused-variable]
     Pair* p;
           ^
cc1: all warnings being treated as errors
Compilation failed
5e5f9b0
Sat Apr 23 14:09:50 UTC 2022: 
 treemap.c | 3 +--
 1 file changed, 1 insertion(+), 2 deletions(-)
 tests:  15|4
total_score: 30/70
0bd50a6
Sat Apr 23 14:20:31 UTC 2022: 
 treemap.c | 12 +++++++++++-
 1 file changed, 11 insertions(+), 1 deletion(-)
 tests:  15|4
total_score: 30/70
1724c39
Sat Apr 23 14:21:17 UTC 2022: 
 treemap.c | 1 -
 1 file changed, 1 deletion(-)
In file included from test.c:4:0:
treemap.c: In function ‘minimum’:
treemap.c:82:1: error: control reaches end of non-void function [-Werror=return-type]
 }
 ^
cc1: all warnings being treated as errors
Compilation failed
60052f3
Sat Apr 23 14:21:23 UTC 2022: 
 treemap.c | 1 +
 1 file changed, 1 insertion(+)
 tests:  15|4
total_score: 30/70
9c7c4da
Sat Apr 23 14:21:36 UTC 2022: 
 treemap.c | 2 +-
 1 file changed, 1 insertion(+), 1 deletion(-)
 tests:  15|4
total_score: 30/70
6468ed3
Sat Apr 23 14:26:03 UTC 2022: 
 treemap.c | 2 +-
 1 file changed, 1 insertion(+), 1 deletion(-)
 tests:  15|4
total_score: 30/70
4dafc70
Sat Apr 23 14:26:26 UTC 2022: 
 treemap.c | 2 +-
 1 file changed, 1 insertion(+), 1 deletion(-)
 tests:  15|4
total_score: 30/70
a669060
Sat Apr 23 14:29:54 UTC 2022: 
 treemap.c | 10 +++-------
 1 file changed, 3 insertions(+), 7 deletions(-)
 tests:  17|3
total_score: 30/70
445007a
Sat Apr 23 15:36:02 UTC 2022: 
 treemap.c | 49 ++++++++++++++++++++++++++++++++++++++++++++++++-
 1 file changed, 48 insertions(+), 1 deletion(-)
 tests:  18|3
total_score: 35/70
86d4d39
Sat Apr 23 15:39:20 UTC 2022: 
 treemap.c | 4 ++++
 1 file changed, 4 insertions(+)
 tests:  20|2
total_score: 45/70
e25760a
Sat Apr 23 15:40:14 UTC 2022: 
 treemap.c | 2 +-
 1 file changed, 1 insertion(+), 1 deletion(-)
 tests:  20|2
total_score: 45/70
8edbadd
Sat Apr 23 15:40:20 UTC 2022: 
 treemap.c | 2 +-
 1 file changed, 1 insertion(+), 1 deletion(-)
 tests:  20|2
total_score: 45/70
654f63e
Sat Apr 23 15:43:11 UTC 2022: 
 treemap.c | 2 +-
 1 file changed, 1 insertion(+), 1 deletion(-)
 tests:  0|0
c19d71b
Sat Apr 23 15:43:19 UTC 2022: 
 treemap.c | 2 +-
 1 file changed, 1 insertion(+), 1 deletion(-)
 tests:  20|2
total_score: 45/70
282ec9b
Sat Apr 23 15:54:32 UTC 2022: 
 treemap.c | 2 +-
 1 file changed, 1 insertion(+), 1 deletion(-)
 tests:  20|2
total_score: 45/70
f45cde6
Sat Apr 23 15:54:45 UTC 2022: 
 treemap.c | 2 --
 1 file changed, 2 deletions(-)
 tests:  20|2
total_score: 45/70
2c36b7a
Sat Apr 23 16:04:08 UTC 2022: 
 treemap.c | 12 ++++++++++--
 1 file changed, 10 insertions(+), 2 deletions(-)
 tests:  0|0
1a10223
Sat Apr 23 16:05:39 UTC 2022: 
 treemap.c | 2 +-
 1 file changed, 1 insertion(+), 1 deletion(-)
 tests:  0|0
3da3526
Sat Apr 23 16:06:56 UTC 2022: 
 treemap.c | 2 ++
 1 file changed, 2 insertions(+)
In file included from test.c:4:0:
treemap.c: In function ‘nextTreeMap’:
treemap.c:191:1: error: control reaches end of non-void function [-Werror=return-type]
 }
 ^
cc1: all warnings being treated as errors
Compilation failed
c9041a2
Sat Apr 23 16:07:24 UTC 2022: 
 treemap.c | 1 +
 1 file changed, 1 insertion(+)
 tests:  0|0
253631d
Sat Apr 23 16:08:58 UTC 2022: 
 treemap.c | 5 +----
 1 file changed, 1 insertion(+), 4 deletions(-)
 tests:  22|2
total_score: 50/70
718d85c
Sat Apr 23 16:11:24 UTC 2022: 
 treemap.c | 2 +-
 1 file changed, 1 insertion(+), 1 deletion(-)
 tests:  0|0
0161c19
Sat Apr 23 16:12:24 UTC 2022: 
 treemap.c | 1 +
 1 file changed, 1 insertion(+)
 tests:  0|0
cc74469
Sat Apr 23 16:20:52 UTC 2022: 
 treemap.c | 7 +++----
 1 file changed, 3 insertions(+), 4 deletions(-)
In file included from test.c:4:0:
treemap.c: In function ‘nextTreeMap’:
treemap.c:189:1: error: control reaches end of non-void function [-Werror=return-type]
 }
 ^
cc1: all warnings being treated as errors
Compilation failed
08e4f89
Sat Apr 23 16:21:21 UTC 2022: 
 treemap.c | 2 +-
 1 file changed, 1 insertion(+), 1 deletion(-)
 tests:  0|0
334f896
Sat Apr 23 16:23:41 UTC 2022: 
 treemap.c | 2 +-
 1 file changed, 1 insertion(+), 1 deletion(-)
 tests:  0|0
d4e486d
Sat Apr 23 16:25:15 UTC 2022: 
 treemap.c | 4 ++--
 1 file changed, 2 insertions(+), 2 deletions(-)
 tests:  0|0
be7b8ec
Sat Apr 23 16:26:23 UTC 2022: 
 treemap.c | 2 +-
 1 file changed, 1 insertion(+), 1 deletion(-)
 tests:  20|2
total_score: 45/70
412876d
Sat Apr 23 16:27:34 UTC 2022: 
 treemap.c | 5 +++--
 1 file changed, 3 insertions(+), 2 deletions(-)
 tests:  22|2
total_score: 50/70
8cab2d9
Sat Apr 23 16:28:26 UTC 2022: 
 treemap.c | 1 +
 1 file changed, 1 insertion(+)
 tests:  0|0
e176613
Sat Apr 23 16:32:53 UTC 2022: 
 treemap.c | 10 ++++++----
 1 file changed, 6 insertions(+), 4 deletions(-)
 tests:  0|0
aeceb1a
Sat Apr 23 16:34:17 UTC 2022: 
 treemap.c | 3 +--
 1 file changed, 1 insertion(+), 2 deletions(-)
 tests:  22|2
total_score: 50/70
0a35ad4
Sat Apr 23 16:34:46 UTC 2022: 
 treemap.c | 2 +-
 1 file changed, 1 insertion(+), 1 deletion(-)
 tests:  23|2
total_score: 50/70
80250e1
Sat Apr 23 16:37:33 UTC 2022: 
 treemap.c | 4 ++--
 1 file changed, 2 insertions(+), 2 deletions(-)
 tests:  0|0
7f26f06
Sat Apr 23 16:37:54 UTC 2022: 
 treemap.c | 2 +-
 1 file changed, 1 insertion(+), 1 deletion(-)
 tests:  0|0
02ca7cb
Sat Apr 23 16:39:57 UTC 2022: 
 treemap.c | 8 ++++++--
 1 file changed, 6 insertions(+), 2 deletions(-)
 tests:  23|2
total_score: 50/70
e2be961
Sat Apr 23 16:42:16 UTC 2022: 
 treemap.c | 3 +++
 1 file changed, 3 insertions(+)
 tests:  23|2
total_score: 50/70
26a7652
Sat Apr 23 16:42:55 UTC 2022: 
 treemap.c | 2 +-
 1 file changed, 1 insertion(+), 1 deletion(-)
 tests:  23|2
total_score: 50/70
2411cae
Sat Apr 23 16:43:12 UTC 2022: 
 treemap.c | 4 +---
 1 file changed, 1 insertion(+), 3 deletions(-)
 tests:  23|2
total_score: 50/70
12f5842
Sat Apr 23 16:43:26 UTC 2022: 
 treemap.c | 2 --
 1 file changed, 2 deletions(-)
 tests:  23|2
total_score: 50/70
9d6d61d
Sat Apr 23 16:48:27 UTC 2022: 
 treemap.c | 1 +
 1 file changed, 1 insertion(+)
 tests:  23|2
total_score: 50/70
5423d74
Sat Apr 23 16:53:53 UTC 2022: 
 treemap.c | 7 ++++---
 1 file changed, 4 insertions(+), 3 deletions(-)
 tests:  22|2
total_score: 50/70
cd35e93
Sat Apr 23 16:54:15 UTC 2022: 
 treemap.c | 2 +-
 1 file changed, 1 insertion(+), 1 deletion(-)
 tests:  23|2
total_score: 50/70
196cfe7
Sat Apr 23 17:01:47 UTC 2022: 
 treemap.c | 4 +++-
 1 file changed, 3 insertions(+), 1 deletion(-)
In file included from test.c:4:0:
test.c: In function ‘nextTreeMap’:
treemap.c:180:6: error: ‘aux’ is used uninitialized in this function [-Werror=uninitialized]
   aux->pair->key = tree->current->pair->key;
   ~~~^~~~~~
cc1: all warnings being treated as errors
Compilation failed
6e33013
Sat Apr 23 17:02:14 UTC 2022: 
 treemap.c | 3 ++-
 1 file changed, 2 insertions(+), 1 deletion(-)
 tests:  23|2
total_score: 50/70
a3f8121
Sat Apr 23 17:19:04 UTC 2022: 
 treemap.c | 17 -----------------
 1 file changed, 17 deletions(-)
In file included from test.c:4:0:
treemap.c: In function ‘nextTreeMap’:
treemap.c:183:1: error: control reaches end of non-void function [-Werror=return-type]
 }
 ^
cc1: all warnings being treated as errors
Compilation failed
63f606a
Sat Apr 23 17:19:13 UTC 2022: 
 treemap.c | 1 +
 1 file changed, 1 insertion(+)
 tests:  22|2
total_score: 50/70
a98b958
Sat Apr 23 17:26:08 UTC 2022: 
 treemap.c | 7 +++++++
 1 file changed, 7 insertions(+)
 tests:  23|2
total_score: 50/70
a647d9b
Sat Apr 23 17:28:12 UTC 2022: 
 treemap.c | 2 ++
 1 file changed, 2 insertions(+)
 tests:  23|2
total_score: 50/70
cd78bce
Sat Apr 23 17:28:34 UTC 2022: 
 treemap.c | 2 +-
 1 file changed, 1 insertion(+), 1 deletion(-)
 tests:  23|2
total_score: 50/70
59aa3c0
Sat Apr 23 17:29:56 UTC 2022: 
 treemap.c | 2 +-
 1 file changed, 1 insertion(+), 1 deletion(-)
 tests:  23|2
total_score: 50/70
e6c6a10
Sat Apr 23 17:31:43 UTC 2022: 
 treemap.c | 2 --
 1 file changed, 2 deletions(-)
 tests:  23|2
total_score: 50/70
10ad440
Sat Apr 23 17:34:26 UTC 2022: 
 treemap.c | 6 +++++-
 1 file changed, 5 insertions(+), 1 deletion(-)
 tests:  23|2
total_score: 50/70
6425728
Sat Apr 23 17:37:09 UTC 2022: 
 treemap.c | 2 +-
 1 file changed, 1 insertion(+), 1 deletion(-)
 tests:  22|2
total_score: 50/70
b13004b
Sat Apr 23 17:37:57 UTC 2022: 
 treemap.c | 2 +-
 1 file changed, 1 insertion(+), 1 deletion(-)
 tests:  22|2
total_score: 50/70
d4d9ee2
Sat Apr 23 17:39:05 UTC 2022: 
 treemap.c | 2 +-
 1 file changed, 1 insertion(+), 1 deletion(-)
 tests:  22|2
total_score: 50/70
8b7f2ce
Sat Apr 23 17:39:51 UTC 2022: 
 treemap.c | 1 +
 1 file changed, 1 insertion(+)
 tests:  0|0
6c26bef
Sat Apr 23 17:40:03 UTC 2022: 
 treemap.c | 2 +-
 1 file changed, 1 insertion(+), 1 deletion(-)
 tests:  22|2
total_score: 50/70
f17ed18
Sat Apr 23 17:40:42 UTC 2022: 
 treemap.c | 5 +++--
 1 file changed, 3 insertions(+), 2 deletions(-)
 tests:  0|0
3df5c2b
Sat Apr 23 17:44:14 UTC 2022: 
 treemap.c | 5 +----
 1 file changed, 1 insertion(+), 4 deletions(-)
 tests:  22|2
total_score: 50/70
99a94e9
Sat Apr 23 17:45:03 UTC 2022: 
 treemap.c | 6 +++---
 1 file changed, 3 insertions(+), 3 deletions(-)
 tests:  22|2
total_score: 50/70
aa002fa
Sat Apr 23 17:46:31 UTC 2022: 
 treemap.c | 6 +++---
 1 file changed, 3 insertions(+), 3 deletions(-)
 tests:  22|2
total_score: 50/70
879a9cd
Sat Apr 23 17:48:04 UTC 2022: 
 treemap.c | 2 +-
 1 file changed, 1 insertion(+), 1 deletion(-)
 tests:  22|2
total_score: 50/70
a28f9f4
Sat Apr 23 17:50:05 UTC 2022: 
 treemap.c | 1 +
 1 file changed, 1 insertion(+)
In file included from test.c:4:0:
treemap.c: In function ‘nextTreeMap’:
treemap.c:188:24: error: stray ‘\342’ in program
                 printf(“%d”, * (int *) aux->parent->pair->key);
                        ^
treemap.c:188:25: error: stray ‘\200’ in program
                 printf(“%d”, * (int *) aux->parent->pair->key);
                         ^
treemap.c:188:26: error: stray ‘\234’ in program
                 printf(“%d”, * (int *) aux->parent->pair->key);
                          ^
treemap.c:188:27: error: expected expression before ‘%’ token
                 printf(“%d”, * (int *) aux->parent->pair->key);
                           ^
treemap.c:188:29: error: stray ‘\342’ in program
                 printf(“%d”, * (int *) aux->parent->pair->key);
                             ^
treemap.c:188:30: error: stray ‘\200’ in program
                 printf(“%d”, * (int *) aux->parent->pair->key);
                              ^
treemap.c:188:31: error: stray ‘\235’ in program
                 printf(“%d”, * (int *) aux->parent->pair->key);
                               ^
Compilation failed
e4604cc
Sat Apr 23 17:51:22 UTC 2022: 
 treemap.c | 2 +-
 1 file changed, 1 insertion(+), 1 deletion(-)
In file included from test.c:4:0:
treemap.c: In function ‘nextTreeMap’:
treemap.c:188:24: error: stray ‘\342’ in program
                 printf(“%d”,*((int*)aux->parent->pair->key));
                        ^
treemap.c:188:25: error: stray ‘\200’ in program
                 printf(“%d”,*((int*)aux->parent->pair->key));
                         ^
treemap.c:188:26: error: stray ‘\234’ in program
                 printf(“%d”,*((int*)aux->parent->pair->key));
                          ^
treemap.c:188:27: error: expected expression before ‘%’ token
                 printf(“%d”,*((int*)aux->parent->pair->key));
                           ^
treemap.c:188:29: error: stray ‘\342’ in program
                 printf(“%d”,*((int*)aux->parent->pair->key));
                             ^
treemap.c:188:30: error: stray ‘\200’ in program
                 printf(“%d”,*((int*)aux->parent->pair->key));
                              ^
treemap.c:188:31: error: stray ‘\235’ in program
                 printf(“%d”,*((int*)aux->parent->pair->key));
                               ^
Compilation failed
4f9b81f
Sat Apr 23 17:52:09 UTC 2022: 
 treemap.c | 2 +-
 1 file changed, 1 insertion(+), 1 deletion(-)
In file included from test.c:4:0:
treemap.c: In function ‘nextTreeMap’:
treemap.c:188:24: error: stray ‘\342’ in program
                 printf(“%d”,((int*)aux->parent->pair->key));
                        ^
treemap.c:188:25: error: stray ‘\200’ in program
                 printf(“%d”,((int*)aux->parent->pair->key));
                         ^
treemap.c:188:26: error: stray ‘\234’ in program
                 printf(“%d”,((int*)aux->parent->pair->key));
                          ^
treemap.c:188:27: error: expected expression before ‘%’ token
                 printf(“%d”,((int*)aux->parent->pair->key));
                           ^
treemap.c:188:29: error: stray ‘\342’ in program
                 printf(“%d”,((int*)aux->parent->pair->key));
                             ^
treemap.c:188:30: error: stray ‘\200’ in program
                 printf(“%d”,((int*)aux->parent->pair->key));
                              ^
treemap.c:188:31: error: stray ‘\235’ in program
                 printf(“%d”,((int*)aux->parent->pair->key));
                               ^
Compilation failed
5f3fa64
